12:13:19 [main] INFO  StressCommand - Starting stress on http://localhost:9000 for 100s..
12:14:02 [main] INFO  StressTest - Executing command: end
12:14:02 [main] INFO  StressTest - Stress Test is going to be stopped
12:14:02 [main] INFO  StressTest - Stress Test has been stopped
12:14:03 [main] INFO  Main - Starting slave
12:14:03 [main] INFO  Main - Config loaded
12:14:12 [main] INFO  StressTest - Executing command: stress http://localhost:9000 10 100
12:14:12 [main] INFO  StressCommand - Starting stress on http://localhost:9000 for 10s..
12:18:06 [main] INFO  StressTest - Executing command: end
12:18:06 [main] INFO  StressTest - Stress Test is going to be stopped
12:18:06 [main] INFO  StressTest - Stress Test has been stopped
12:21:13 [main] INFO  Main - Starting slave
12:21:13 [main] INFO  Main - Config loaded
12:22:35 [main] INFO  StressTest - Executing command: stress http://localhost:9000 10 100
12:22:35 [main] INFO  StressCommand - Starting stress on http://localhost:9000 for 10s..
12:27:47 [main] INFO  StressTest - Executing command: end
12:27:47 [main] INFO  StressTest - Stress Test is going to be stopped
12:27:47 [main] INFO  StressTest - Stress Test has been stopped
12:28:00 [main] INFO  Main - Starting slave
12:28:00 [main] INFO  Main - Config loaded
12:29:03 [main] INFO  Main - Starting slave
12:29:03 [main] INFO  Main - Config loaded
12:29:16 [main] INFO  StressTest - Executing command: stress http://localhost:9000 5 100
12:29:16 [main] INFO  StressCommand - Starting stress on http://localhost:9000 for 100s..
12:30:20 [main] INFO  StressTest - Executing command: end
12:30:20 [main] INFO  StressTest - Stress Test is going to be stopped
12:30:20 [main] INFO  StressTest - Stress Test has been stopped
12:30:21 [main] INFO  Main - Starting slave
12:30:21 [main] INFO  Main - Config loaded
12:30:28 [main] INFO  StressTest - Executing command: stress http://localhost:9000 1 10
12:30:28 [main] INFO  StressCommand - Starting stress on http://localhost:9000 for 10s..
12:32:22 [main] INFO  Main - Starting slave
12:32:22 [main] INFO  Main - Config loaded
12:32:29 [main] INFO  StressTest - Executing command: stress http://localhost:9000 1 10
12:32:29 [main] INFO  StressCommand - Starting stress on http://localhost:9000 for 10s..
12:32:38 [main] INFO  Main - Starting slave
12:32:38 [main] INFO  Main - Config loaded
12:32:47 [main] INFO  StressTest - Executing command: stress http://localhost:9000 1 10
12:32:47 [main] INFO  StressCommand - Starting stress on http://localhost:9000 for 10s..
12:33:03 [main] INFO  Main - Starting slave
12:33:03 [main] INFO  Main - Config loaded
12:33:20 [main] INFO  Main - Starting slave
12:33:20 [main] INFO  Main - Config loaded
12:33:34 [main] INFO  StressTest - Executing command: stress http://localhost:9000 100 1000
12:33:34 [main] INFO  StressCommand - Starting stress on http://localhost:9000 for 1000s..
12:34:20 [main] INFO  StressTest - Executing command: end
12:34:20 [main] INFO  StressTest - Stress Test is going to be stopped
12:34:20 [main] INFO  StressTest - Stress Test has been stopped
